<?xml version="1.0" encoding="UTF-8"?>
<!-- Generated by org.testng.reporters.JUnitReportReporter -->
<testsuite hostname="Hp" failures="0" tests="4" name="tests.testRegister" time="12.040" errors="0" timestamp="2022-09-08T13:06:18 GMT+02:00" skipped="0">
  <testcase classname="tests.testRegister" name="RegisterUserExist" time="4.116"/>
  <system-out/>
  <testcase classname="tests.testRegister" name="RegisterEmptyUser" time="2.636"/>
  <system-out/>
  <testcase classname="tests.testRegister" name="RegisterPassDifferent" time="2.437"/>
  <system-out/>
  <testcase classname="tests.testRegister" name="RegisterOk" time="2.851"/>
  <system-out/>
</testsuite> <!-- tests.testRegister -->
