<?xml version="1.0" encoding="UTF-8"?>
<!-- Generated by org.testng.reporters.JUnitReportReporter -->
<testsuite hostname="Hp" failures="0" tests="9" name="tests.testLogin" time="5.616" errors="0" timestamp="2022-09-08T09:50:56 GMT+02:00" skipped="0">
  <testcase classname="tests.testLogin" name="SqlInjection1" time="0.557"/>
  <system-out/>
  <testcase classname="tests.testLogin" name="WrongFormat" time="0.547"/>
  <system-out/>
  <testcase classname="tests.testLogin" name="WrongPassword" time="0.545"/>
  <system-out/>
  <testcase classname="tests.testLogin" name="EmptyFields" time="0.548"/>
  <system-out/>
  <testcase classname="tests.testLogin" name="PasswordEmpty" time="0.573"/>
  <system-out/>
  <testcase classname="tests.testLogin" name="SqlInjection2" time="0.704"/>
  <system-out/>
  <testcase classname="tests.testLogin" name="UserNameEmpty" time="0.633"/>
  <system-out/>
  <testcase classname="tests.testLogin" name="CorrectLogin" time="0.860"/>
  <system-out/>
  <testcase classname="tests.testLogin" name="UserNotExist" time="0.649"/>
  <system-out/>
</testsuite> <!-- tests.testLogin -->
