<?xml version="1.0" encoding="UTF-8"?>
<!-- Generated by org.testng.reporters.JUnitReportReporter -->
<testsuite hostname="Hp" failures="0" tests="7" name="tests.testLogin" time="16.826" errors="0" timestamp="2022-09-08T13:06:18 GMT+02:00" skipped="0">
  <testcase classname="tests.testLogin" name="CorrectLogin" time="2.395"/>
  <system-out/>
  <testcase classname="tests.testLogin" name="WrongPassword" time="2.418"/>
  <system-out/>
  <testcase classname="tests.testLogin" name="EmptyFields" time="2.396"/>
  <system-out/>
  <testcase classname="tests.testLogin" name="PasswordEmpty" time="2.366"/>
  <system-out/>
  <testcase classname="tests.testLogin" name="UserNotExist" time="2.390"/>
  <system-out/>
  <testcase classname="tests.testLogin" name="WrongFormat" time="2.391"/>
  <system-out/>
  <testcase classname="tests.testLogin" name="UserNameEmpty" time="2.470"/>
  <system-out/>
</testsuite> <!-- tests.testLogin -->
