<?xml version="1.0" encoding="UTF-8"?>
<!-- Generated by org.testng.reporters.JUnitReportReporter -->
<testsuite hostname="Hp" failures="0" tests="4" name="tests.testLogout" time="10.409" errors="0" timestamp="2022-09-08T13:06:18 GMT+02:00" skipped="0">
  <testcase classname="tests.testLogout" name="LogoutFromView" time="2.746"/>
  <system-out/>
  <testcase classname="tests.testLogout" name="LogoutFromMain" time="2.451"/>
  <system-out/>
  <testcase classname="tests.testLogout" name="LogoutFromList" time="2.699"/>
  <system-out/>
  <testcase classname="tests.testLogout" name="LogoutFromEdit" time="2.513"/>
  <system-out/>
</testsuite> <!-- tests.testLogout -->
