<?xml version="1.0" encoding="UTF-8"?>
<!-- Generated by org.testng.reporters.JUnitReportReporter -->
<testsuite hostname="Hp" failures="0" tests="4" name="tests.testLogout" time="6.273" errors="0" timestamp="2022-09-08T09:55:18 GMT+02:00" skipped="0">
  <testcase classname="tests.testLogout" name="LogoutFromMain" time="0.877"/>
  <system-out/>
  <testcase classname="tests.testLogout" name="LogoutFromEdit" time="2.667"/>
  <system-out/>
  <testcase classname="tests.testLogout" name="LogoutFromList" time="1.513"/>
  <system-out/>
  <testcase classname="tests.testLogout" name="LogoutFromView" time="1.216"/>
  <system-out/>
</testsuite> <!-- tests.testLogout -->
