<?xml version="1.0" encoding="UTF-8"?>
<!-- Generated by org.testng.reporters.JUnitReportReporter -->
<testsuite hostname="Hp" failures="0" tests="9" name="tests.testLogin" time="6.646" errors="0" timestamp="2022-09-08T11:50:00 GMT+02:00" skipped="0">
  <testcase classname="tests.testLogin" name="WrongPassword" time="0.818"/>
  <system-out/>
  <testcase classname="tests.testLogin" name="SqlInjection1" time="0.654"/>
  <system-out/>
  <testcase classname="tests.testLogin" name="UserNameEmpty" time="0.701"/>
  <system-out/>
  <testcase classname="tests.testLogin" name="EmptyFields" time="0.765"/>
  <system-out/>
  <testcase classname="tests.testLogin" name="SqlInjection2" time="0.810"/>
  <system-out/>
  <testcase classname="tests.testLogin" name="PasswordEmpty" time="0.705"/>
  <system-out/>
  <testcase classname="tests.testLogin" name="UserNotExist" time="0.808"/>
  <system-out/>
  <testcase classname="tests.testLogin" name="WrongFormat" time="0.648"/>
  <system-out/>
  <testcase classname="tests.testLogin" name="CorrectLogin" time="0.737"/>
  <system-out/>
</testsuite> <!-- tests.testLogin -->
