<?xml version="1.0" encoding="UTF-8"?>
<!-- Generated by org.testng.reporters.JUnitReportReporter -->
<testsuite hostname="Hp" failures="0" tests="4" name="tests.testLogout" time="4.677" errors="0" timestamp="2022-09-08T11:50:00 GMT+02:00" skipped="0">
  <testcase classname="tests.testLogout" name="LogoutFromMain" time="1.624"/>
  <system-out/>
  <testcase classname="tests.testLogout" name="LogoutFromView" time="1.061"/>
  <system-out/>
  <testcase classname="tests.testLogout" name="LogoutFromList" time="1.015"/>
  <system-out/>
  <testcase classname="tests.testLogout" name="LogoutFromEdit" time="0.977"/>
  <system-out/>
</testsuite> <!-- tests.testLogout -->
