<?xml version="1.0" encoding="UTF-8"?>
<!-- Generated by org.testng.reporters.JUnitReportReporter -->
<testsuite hostname="Hp" failures="0" tests="1" name="tests.testRegister" time="0.005" errors="0" timestamp="2022-09-08T09:57:03 GMT+02:00" skipped="0">
  <testcase classname="tests.testRegister" name="f" time="0.005"/>
  <system-out/>
</testsuite> <!-- tests.testRegister -->
