<?xml version="1.0" encoding="UTF-8"?>
<!-- Generated by org.testng.reporters.JUnitReportReporter -->
<testsuite hostname="Hp" failures="0" tests="9" name="tests.testLogin" time="7.761" errors="0" timestamp="2022-09-08T10:33:42 GMT+02:00" skipped="0">
  <testcase classname="tests.testLogin" name="CorrectLogin" time="0.738"/>
  <system-out/>
  <testcase classname="tests.testLogin" name="PasswordEmpty" time="0.835"/>
  <system-out/>
  <testcase classname="tests.testLogin" name="WrongPassword" time="1.002"/>
  <system-out/>
  <testcase classname="tests.testLogin" name="SqlInjection1" time="0.780"/>
  <system-out/>
  <testcase classname="tests.testLogin" name="UserNameEmpty" time="0.889"/>
  <system-out/>
  <testcase classname="tests.testLogin" name="WrongFormat" time="0.741"/>
  <system-out/>
  <testcase classname="tests.testLogin" name="SqlInjection2" time="0.755"/>
  <system-out/>
  <testcase classname="tests.testLogin" name="EmptyFields" time="0.940"/>
  <system-out/>
  <testcase classname="tests.testLogin" name="UserNotExist" time="1.081"/>
  <system-out/>
</testsuite> <!-- tests.testLogin -->
